[2025-05-12 14:18:03] [*] Memproses: PORORO1
[2025-05-12 14:20:30] [✓] URL (itag=18) disimpan: PORORO1.txt
[2025-05-12 14:20:30] [*] Memproses: JAMANDULU2
[2025-05-12 14:22:38] [✓] URL (itag=18) disimpan: JAMANDULU2.txt
[2025-05-12 14:22:38] [*] Memproses: WARKOPDKI
[2025-05-12 14:23:00] [✓] URL (itag=18) disimpan: WARKOPDKI.txt
[2025-05-12 14:23:00] [*] Memproses: EJENALIMUSIM1
[2025-05-12 14:24:37] [✓] URL (itag=18) disimpan: EJENALIMUSIM1.txt
[2025-05-12 14:24:37] [*] Memproses: EJENALIMUSIM2
[2025-05-12 14:26:14] [✓] URL (itag=18) disimpan: EJENALIMUSIM2.txt
[2025-05-12 14:26:14] [*] Memproses: EJENALIMUSIM3
[2025-05-12 14:27:18] [✓] URL (itag=18) disimpan: EJENALIMUSIM3.txt
[2025-05-12 14:27:18] [*] Memproses: BELAJAR1
[2025-05-12 14:27:38] [✓] URL (itag=18) disimpan: BELAJAR1.txt
[2025-05-12 14:27:38] [*] Memproses: BELAJAR2
[2025-05-12 14:27:53] [✓] URL (itag=18) disimpan: BELAJAR2.txt
[2025-05-12 14:27:53] [*] Memproses: BELAJAR3
[2025-05-12 14:35:43] [✓] URL (itag=18) disimpan: BELAJAR3.txt
[2025-05-12 14:35:43] [*] Memproses: BELAJAR4
[2025-05-12 14:37:53] [✓] URL (itag=18) disimpan: BELAJAR4.txt
[2025-05-12 14:37:53] [*] Memproses: BELAJAR5
[2025-05-12 14:38:41] [✓] URL (itag=18) disimpan: BELAJAR5.txt
[2025-05-12 14:38:41] [*] Memproses: BELAJAR6
[2025-05-12 14:39:47] [✓] URL (itag=18) disimpan: BELAJAR6.txt
[2025-05-12 20:13:34] [*] Memproses: POLISILABRADOR1
[2025-05-12 20:15:52] [✓] URL (itag=18) disimpan: POLISILABRADOR1.txt
[2025-05-12 20:15:52] [*] Memproses: PORORO1
[2025-05-12 20:18:09] [✓] URL (itag=18) disimpan: PORORO1.txt
[2025-05-12 20:18:09] [*] Memproses: JAMANDULU2
[2025-05-12 20:20:08] [✓] URL (itag=18) disimpan: JAMANDULU2.txt
[2025-05-12 20:20:08] [*] Memproses: WARKOPDKI
[2025-05-12 20:20:29] [✓] URL (itag=18) disimpan: WARKOPDKI.txt
[2025-05-12 20:20:29] [*] Memproses: EJENALIMUSIM1
[2025-05-12 20:22:01] [✓] URL (itag=18) disimpan: EJENALIMUSIM1.txt
[2025-05-12 20:22:01] [*] Memproses: EJENALIMUSIM2
[2025-05-12 20:23:32] [✓] URL (itag=18) disimpan: EJENALIMUSIM2.txt
[2025-05-12 20:23:32] [*] Memproses: EJENALIMUSIM3
[2025-05-12 20:24:32] [✓] URL (itag=18) disimpan: EJENALIMUSIM3.txt
[2025-05-12 20:24:32] [*] Memproses: BELAJAR1
[2025-05-12 20:24:52] [✓] URL (itag=18) disimpan: BELAJAR1.txt
[2025-05-12 20:24:52] [*] Memproses: BELAJAR2
[2025-05-12 20:25:05] [✓] URL (itag=18) disimpan: BELAJAR2.txt
[2025-05-12 20:25:05] [*] Memproses: BELAJAR3
[2025-05-12 20:32:35] [✓] URL (itag=18) disimpan: BELAJAR3.txt
[2025-05-12 20:32:35] [*] Memproses: BELAJAR4
[2025-05-12 20:34:38] [✓] URL (itag=18) disimpan: BELAJAR4.txt
[2025-05-12 20:34:38] [*] Memproses: BELAJAR5
[2025-05-12 20:35:25] [✓] URL (itag=18) disimpan: BELAJAR5.txt
[2025-05-12 20:35:25] [*] Memproses: BELAJAR6
[2025-05-12 20:36:28] [✓] URL (itag=18) disimpan: BELAJAR6.txt
[2025-05-13 00:58:04] [*] Memproses: POLISILABRADOR1
[2025-05-13 01:00:45] [✓] URL (itag=18) disimpan: POLISILABRADOR1.txt
[2025-05-13 01:00:45] [*] Memproses: PORORO1
[2025-05-13 01:03:22] [✓] URL (itag=18) disimpan: PORORO1.txt
[2025-05-13 01:03:22] [*] Memproses: JAMANDULU2
[2025-05-13 01:05:39] [✓] URL (itag=18) disimpan: JAMANDULU2.txt
[2025-05-13 01:05:39] [*] Memproses: WARKOPDKI
[2025-05-13 01:06:03] [✓] URL (itag=18) disimpan: WARKOPDKI.txt
[2025-05-13 01:06:03] [*] Memproses: EJENALIMUSIM1
[2025-05-13 01:07:47] [✓] URL (itag=18) disimpan: EJENALIMUSIM1.txt
[2025-05-13 01:07:47] [*] Memproses: EJENALIMUSIM2
[2025-05-13 01:09:32] [✓] URL (itag=18) disimpan: EJENALIMUSIM2.txt
[2025-05-13 01:09:32] [*] Memproses: EJENALIMUSIM3
[2025-05-13 01:10:42] [✓] URL (itag=18) disimpan: EJENALIMUSIM3.txt
[2025-05-13 01:10:42] [*] Memproses: BELAJAR1
[2025-05-13 01:11:04] [✓] URL (itag=18) disimpan: BELAJAR1.txt
[2025-05-13 01:11:04] [*] Memproses: BELAJAR2
[2025-05-13 01:11:20] [✓] URL (itag=18) disimpan: BELAJAR2.txt
[2025-05-13 01:11:20] [*] Memproses: BELAJAR3
[2025-05-13 01:19:47] [✓] URL (itag=18) disimpan: BELAJAR3.txt
[2025-05-13 01:19:47] [*] Memproses: BELAJAR4
[2025-05-13 01:22:10] [✓] URL (itag=18) disimpan: BELAJAR4.txt
[2025-05-13 01:22:10] [*] Memproses: BELAJAR5
[2025-05-13 01:23:01] [✓] URL (itag=18) disimpan: BELAJAR5.txt
[2025-05-13 01:23:01] [*] Memproses: BELAJAR6
[2025-05-13 01:24:13] [✓] URL (itag=18) disimpan: BELAJAR6.txt
