[2025-07-03 04:14:22] [*] Memproses: JUNGPP
[2025-07-03 04:14:24] [!] Tidak bisa resolve video ID dari: https://www.youtube.com/@FIMJuniorGP/live
[2025-07-03 04:14:24] [*] Memproses: ARCCE
[2025-07-03 04:14:26] [!] Tidak bisa resolve video ID dari: https://www.youtube.com/@AsiaRoadRacingChampionship/live
[2025-07-03 04:14:26] [*] Memproses: ADIHDT
[2025-07-03 04:14:27] [!] Tidak bisa resolve video ID dari: https://www.youtube.com/@AdiHidayatOfficial/live
[2025-07-03 04:14:27] [*] Memproses: MTAATVV
[2025-07-03 04:14:31] [!] Gagal ambil URL .m3u8, coba fallback format best
[2025-07-03 04:14:32] [✓] URL streaming disimpan: MTAATVV.m3u8.txt
[2025-07-03 04:14:32] [*] Memproses: SHERIFFLABRADOR
[2025-07-03 04:14:37] [!] Gagal ambil URL .m3u8, coba fallback format best
[2025-07-03 04:14:38] [✓] URL streaming disimpan: SHERIFFLABRADOR.m3u8.txt
[2025-07-03 04:14:38] [*] Memproses: DISNEY
[2025-07-03 04:14:42] [!] Gagal ambil URL .m3u8, coba fallback format best
[2025-07-03 04:14:44] [✓] URL streaming disimpan: DISNEY.m3u8.txt
[2025-07-03 04:14:44] [*] Memproses: DODOBE
[2025-07-03 04:14:48] [!] Gagal ambil URL .m3u8, coba fallback format best
[2025-07-03 04:14:49] [✓] URL streaming disimpan: DODOBE.m3u8.txt
[2025-07-03 04:14:49] [*] Memproses: SAUNTHESHEEP
[2025-07-03 04:14:53] [!] Gagal ambil URL .m3u8, coba fallback format best
[2025-07-03 04:14:55] [✓] URL streaming disimpan: SAUNTHESHEEP.m3u8.txt
[2025-07-03 04:14:55] [*] Memproses: ROBOCAR
[2025-07-03 04:14:59] [!] Gagal ambil URL .m3u8, coba fallback format best
[2025-07-03 04:15:01] [✓] URL streaming disimpan: ROBOCAR.m3u8.txt
[2025-07-03 04:15:01] [*] Memproses: ANAKISLAMI1
[2025-07-03 04:15:05] [!] Gagal ambil URL .m3u8, coba fallback format best
[2025-07-03 04:15:06] [✓] URL streaming disimpan: ANAKISLAMI1.m3u8.txt
[2025-07-03 04:15:06] [*] Memproses: ANAKISLAMI2
[2025-07-03 04:15:11] [!] Gagal ambil URL .m3u8, coba fallback format best
[2025-07-03 04:15:12] [✓] URL streaming disimpan: ANAKISLAMI2.m3u8.txt
[2025-07-03 04:15:12] [*] Memproses: ANAKISLAMI3
[2025-07-03 04:15:16] [!] Gagal ambil URL .m3u8, coba fallback format best
[2025-07-03 04:15:18] [✓] URL streaming disimpan: ANAKISLAMI3.m3u8.txt
[2025-07-03 04:15:18] [*] Memproses: BINGINDO
[2025-07-03 04:15:22] [!] Gagal ambil URL .m3u8, coba fallback format best
[2025-07-03 04:15:24] [✓] URL streaming disimpan: BINGINDO.m3u8.txt
[2025-07-03 04:15:24] [*] Memproses: DIVAD1
[2025-07-03 04:15:28] [!] Gagal ambil URL .m3u8, coba fallback format best
[2025-07-03 04:15:29] [✓] URL streaming disimpan: DIVAD1.m3u8.txt
[2025-07-03 04:15:29] [*] Memproses: LIACHA
[2025-07-03 04:15:30] [!] Tidak bisa resolve video ID dari: https://www.youtube.com/@LiaChaCha_ID/live
[2025-07-03 04:15:30] [*] Memproses: KEDOOT
[2025-07-03 04:15:34] [!] Gagal ambil URL .m3u8, coba fallback format best
[2025-07-03 04:15:36] [✓] URL streaming disimpan: KEDOOT.m3u8.txt
[2025-07-03 04:15:36] [*] Memproses: ALANB
[2025-07-03 04:15:40] [!] Gagal ambil URL .m3u8, coba fallback format best
[2025-07-03 04:15:41] [✓] URL streaming disimpan: ALANB.m3u8.txt
[2025-07-03 04:15:41] [*] Memproses: FARMESS
[2025-07-03 04:15:46] [!] Gagal ambil URL .m3u8, coba fallback format best
[2025-07-03 04:15:47] [✓] URL streaming disimpan: FARMESS.m3u8.txt
[2025-07-03 04:15:47] [*] Memproses: RAINBOO
[2025-07-03 04:15:51] [!] Gagal ambil URL .m3u8, coba fallback format best
[2025-07-03 04:15:53] [✓] URL streaming disimpan: RAINBOO.m3u8.txt
[2025-07-03 04:15:53] [*] Memproses: LTEELANGLE
[2025-07-03 04:15:53] [!] Tidak bisa resolve video ID dari: https://www.youtube.com/@BeepBeepNurseryRhymes/live
[2025-07-03 04:15:53] [*] Memproses: LEOSP
[2025-07-03 04:15:58] [!] Gagal ambil URL .m3u8, coba fallback format best
[2025-07-03 04:16:00] [✓] URL streaming disimpan: LEOSP.m3u8.txt
[2025-07-03 04:16:00] [*] Memproses: BABYBUUS
[2025-07-03 04:16:04] [!] Gagal ambil URL .m3u8, coba fallback format best
[2025-07-03 04:16:06] [✓] URL streaming disimpan: BABYBUUS.m3u8.txt
[2025-07-03 04:16:06] [*] Memproses: DESNEYJ
[2025-07-03 04:16:10] [!] Gagal ambil URL .m3u8, coba fallback format best
[2025-07-03 04:16:11] [✓] URL streaming disimpan: DESNEYJ.m3u8.txt
[2025-07-03 04:16:11] [*] Memproses: BLUE
[2025-07-03 04:16:16] [!] Gagal ambil URL .m3u8, coba fallback format best
[2025-07-03 04:16:18] [✓] URL streaming disimpan: BLUE.m3u8.txt
[2025-07-03 04:16:18] [*] Memproses: PJMASK
[2025-07-03 04:16:22] [!] Gagal ambil URL .m3u8, coba fallback format best
[2025-07-03 04:16:23] [✓] URL streaming disimpan: PJMASK.m3u8.txt
[2025-07-03 04:16:23] [*] Memproses: SPONGBOB
[2025-07-03 04:16:28] [!] Gagal ambil URL .m3u8, coba fallback format best
[2025-07-03 04:16:29] [✓] URL streaming disimpan: SPONGBOB.m3u8.txt
[2025-07-03 04:16:29] [*] Memproses: BOBAA
[2025-07-03 04:16:34] [!] Gagal ambil URL .m3u8, coba fallback format best
[2025-07-03 04:16:35] [✓] URL streaming disimpan: BOBAA.m3u8.txt
[2025-07-03 04:16:35] [*] Memproses: BABYTV
[2025-07-03 04:16:39] [!] Gagal ambil URL .m3u8, coba fallback format best
[2025-07-03 04:16:41] [✓] URL streaming disimpan: BABYTV.m3u8.txt
[2025-07-03 04:16:41] [*] Memproses: HOHOP
[2025-07-03 04:16:45] [!] Gagal ambil URL .m3u8, coba fallback format best
[2025-07-03 04:16:46] [✓] URL streaming disimpan: HOHOP.m3u8.txt
[2025-07-03 04:16:46] [*] Memproses: SEMUT1
[2025-07-03 04:16:50] [!] Gagal ambil URL .m3u8, coba fallback format best
[2025-07-03 04:16:52] [✓] URL streaming disimpan: SEMUT1.m3u8.txt
[2025-07-03 04:16:52] [*] Memproses: PEPPA
[2025-07-03 04:16:56] [!] Gagal ambil URL .m3u8, coba fallback format best
[2025-07-03 04:16:59] [✓] URL streaming disimpan: PEPPA.m3u8.txt
[2025-07-03 04:16:59] [*] Memproses: LOCONUT
[2025-07-03 04:17:03] [!] Gagal ambil URL .m3u8, coba fallback format best
[2025-07-03 04:17:05] [✓] URL streaming disimpan: LOCONUT.m3u8.txt
[2025-07-03 04:17:05] [*] Memproses: SIMPLES
[2025-07-03 04:17:06] [!] Tidak bisa resolve video ID dari: https://www.youtube.com/@TobyandFriendsKidsSongs/live
[2025-07-03 04:17:06] [*] Memproses: NANTOON
[2025-07-03 04:17:10] [!] Gagal ambil URL .m3u8, coba fallback format best
[2025-07-03 04:17:12] [✓] URL streaming disimpan: NANTOON.m3u8.txt
[2025-07-03 04:17:12] [*] Memproses: MASHAMB1
[2025-07-03 04:17:13] [!] Tidak bisa resolve video ID dari: https://www.youtube.com/@MashaBearINDONESIA/live
[2025-07-03 04:17:13] [*] Memproses: MASHAMB2
[2025-07-03 04:17:17] [!] Gagal ambil URL .m3u8, coba fallback format best
[2025-07-03 04:17:19] [✓] URL streaming disimpan: MASHAMB2.m3u8.txt
[2025-07-03 04:17:19] [*] Memproses: TALKT
[2025-07-03 04:17:23] [!] Gagal ambil URL .m3u8, coba fallback format best
[2025-07-03 04:17:24] [✓] URL streaming disimpan: TALKT.m3u8.txt
[2025-07-03 04:17:24] [*] Memproses: HUMTY
[2025-07-03 04:17:25] [!] Tidak bisa resolve video ID dari: https://www.youtube.com/@ChuChuTV/live
[2025-07-03 04:17:25] [*] Memproses: NICKJR
[2025-07-03 04:17:29] [!] Gagal ambil URL .m3u8, coba fallback format best
[2025-07-03 04:17:31] [✓] URL streaming disimpan: NICKJR.m3u8.txt
[2025-07-03 04:17:31] [*] Memproses: PATROL
[2025-07-03 04:17:35] [!] Gagal ambil URL .m3u8, coba fallback format best
[2025-07-03 04:17:37] [✓] URL streaming disimpan: PATROL.m3u8.txt
[2025-07-03 04:17:37] [*] Memproses: TAYOB
[2025-07-03 04:17:41] [!] Gagal ambil URL .m3u8, coba fallback format best
[2025-07-03 04:17:42] [✓] URL streaming disimpan: TAYOB.m3u8.txt
[2025-07-03 04:17:42] [*] Memproses: LARVA
[2025-07-03 04:17:43] [!] Tidak bisa resolve video ID dari: https://www.youtube.com/@larvacartoonvietnam6214/live
[2025-07-03 04:17:43] [*] Memproses: NICKELODEON
[2025-07-03 04:17:48] [!] Gagal ambil URL .m3u8, coba fallback format best
[2025-07-03 04:17:49] [✓] URL streaming disimpan: NICKELODEON.m3u8.txt
[2025-07-03 04:17:49] [*] Memproses: COCOBI
[2025-07-03 04:17:53] [!] Gagal ambil URL .m3u8, coba fallback format best
[2025-07-03 04:17:55] [✓] URL streaming disimpan: COCOBI.m3u8.txt
[2025-07-03 04:17:55] [*] Memproses: DYNEI
[2025-07-03 04:17:59] [!] Gagal ambil URL .m3u8, coba fallback format best
[2025-07-03 04:18:01] [✓] URL streaming disimpan: DYNEI.m3u8.txt
[2025-07-03 04:18:01] [*] Memproses: JONYTONY
[2025-07-03 04:18:05] [!] Gagal ambil URL .m3u8, coba fallback format best
[2025-07-03 04:18:07] [✓] URL streaming disimpan: JONYTONY.m3u8.txt
[2025-07-03 04:18:07] [*] Memproses: CARTUNITO
[2025-07-03 04:18:11] [!] Gagal ambil URL .m3u8, coba fallback format best
[2025-07-03 04:18:13] [✓] URL streaming disimpan: CARTUNITO.m3u8.txt
[2025-07-03 04:18:13] [*] Memproses: KIYAK
[2025-07-03 04:18:17] [!] Gagal ambil URL .m3u8, coba fallback format best
[2025-07-03 04:18:18] [✓] URL streaming disimpan: KIYAK.m3u8.txt
[2025-07-03 04:18:18] [*] Memproses: MAYAM
[2025-07-03 04:18:22] [!] Gagal ambil URL .m3u8, coba fallback format best
[2025-07-03 04:18:24] [✓] URL streaming disimpan: MAYAM.m3u8.txt
[2025-07-03 04:18:24] [*] Memproses: JOLLYNF
[2025-07-03 04:18:28] [!] Gagal ambil URL .m3u8, coba fallback format best
[2025-07-03 04:18:29] [✓] URL streaming disimpan: JOLLYNF.m3u8.txt
[2025-07-03 04:18:29] [*] Memproses: EARTHB
[2025-07-03 04:18:33] [!] Gagal ambil URL .m3u8, coba fallback format best
[2025-07-03 04:18:35] [✓] URL streaming disimpan: EARTHB.m3u8.txt
[2025-07-03 04:18:35] [*] Memproses: EARTHC
[2025-07-03 04:18:39] [!] Gagal ambil URL .m3u8, coba fallback format best
[2025-07-03 04:18:41] [✓] URL streaming disimpan: EARTHC.m3u8.txt
[2025-07-03 04:18:41] [*] Memproses: EARTHR
[2025-07-03 04:18:44] [!] Gagal ambil URL .m3u8, coba fallback format best
[2025-07-03 04:18:45] [✓] URL streaming disimpan: EARTHR.m3u8.txt
[2025-07-03 04:18:45] [*] Memproses: NATGEO
[2025-07-03 04:18:49] [!] Gagal ambil URL .m3u8, coba fallback format best
[2025-07-03 04:18:51] [✓] URL streaming disimpan: NATGEO.m3u8.txt
[2025-07-03 04:18:51] [*] Memproses: NATWILD
[2025-07-03 04:18:52] [!] Tidak bisa resolve video ID dari: https://www.youtube.com/watch?v=BJ3Yv572V1A
[2025-07-03 04:18:52] [*] Memproses: ONECHMP
[2025-07-03 04:18:54] [!] Tidak bisa resolve video ID dari: https://www.youtube.com/@ONEChampionship/live
[2025-07-03 04:18:54] [*] Memproses: ESPORT1
[2025-07-03 04:18:56] [!] Tidak bisa resolve video ID dari: https://www.youtube.com/@MPLIndonesia/live
[2025-07-03 04:18:56] [*] Memproses: ESPORT2
[2025-07-03 04:18:58] [!] Tidak bisa resolve video ID dari: https://www.youtube.com/@pubgmobileid/live
[2025-07-03 04:18:58] [*] Memproses: ESPORT3
[2025-07-03 04:18:59] [!] Tidak bisa resolve video ID dari: https://www.youtube.com/@iesf_official/live
[2025-07-03 04:18:59] [*] Memproses: ESPORT4
[2025-07-03 04:19:01] [!] Tidak bisa resolve video ID dari: https://www.youtube.com/@PUBGMOBILEEsports/live
[2025-07-03 04:19:01] [*] Memproses: ESPORT5
[2025-07-03 04:19:02] [!] Tidak bisa resolve video ID dari: https://www.youtube.com/@ValorantEsports/live
[2025-07-03 04:19:02] [*] Memproses: ESPORT6
[2025-07-03 04:19:03] [!] Tidak bisa resolve video ID dari: https://www.youtube.com/@PGL/live
[2025-07-03 04:19:03] [*] Memproses: ESPORT7
[2025-07-03 04:19:04] [!] Tidak bisa resolve video ID dari: https://www.youtube.com/@FFEsportsIDOfficial/live
[2025-07-03 04:19:04] [*] Memproses: ESPORT8
[2025-07-03 04:19:05] [!] Tidak bisa resolve video ID dari: https://www.youtube.com/sarcastic_esport19/live
[2025-07-03 04:19:05] [*] Memproses: MUSIKINDO
[2025-07-03 04:19:09] [!] Gagal ambil URL .m3u8, coba fallback format best
[2025-07-03 04:19:10] [✓] URL streaming disimpan: MUSIKINDO.m3u8.txt
[2025-07-03 04:19:10] [*] Memproses: POPINDO1
[2025-07-03 04:19:14] [!] Gagal ambil URL .m3u8, coba fallback format best
[2025-07-03 04:19:15] [✓] URL streaming disimpan: POPINDO1.m3u8.txt
[2025-07-03 04:19:15] [*] Memproses: KOPLO1
[2025-07-03 04:19:19] [!] Gagal ambil URL .m3u8, coba fallback format best
[2025-07-03 04:19:21] [✓] URL streaming disimpan: KOPLO1.m3u8.txt
[2025-07-03 04:19:21] [*] Memproses: BARAT1
[2025-07-03 04:19:24] [!] Gagal ambil URL .m3u8, coba fallback format best
[2025-07-03 04:19:26] [✓] URL streaming disimpan: BARAT1.m3u8.txt
[2025-07-03 04:19:26] [*] Memproses: RELAX1
[2025-07-03 04:19:30] [!] Gagal ambil URL .m3u8, coba fallback format best
[2025-07-03 04:19:31] [✓] URL streaming disimpan: RELAX1.m3u8.txt
[2025-07-03 04:19:31] [*] Memproses: REMIX1
[2025-07-03 04:19:35] [!] Gagal ambil URL .m3u8, coba fallback format best
[2025-07-03 04:19:37] [✓] URL streaming disimpan: REMIX1.m3u8.txt
[2025-07-03 04:19:37] [*] Memproses: DJKA1
[2025-07-03 04:19:40] [!] Gagal ambil URL .m3u8, coba fallback format best
[2025-07-03 04:19:42] [✓] URL streaming disimpan: DJKA1.m3u8.txt
[2025-07-03 04:19:42] [*] Memproses: BARAT2
[2025-07-03 04:19:46] [!] Gagal ambil URL .m3u8, coba fallback format best
[2025-07-03 04:19:47] [✓] URL streaming disimpan: BARAT2.m3u8.txt
[2025-07-03 04:19:47] [*] Memproses: BOLLIW
[2025-07-03 04:19:48] [!] Tidak bisa resolve video ID dari: https://www.youtube.com/@HindiloveHits6688/live
[2025-07-03 04:19:48] [*] Memproses: MUSKLIVE
[2025-07-03 04:19:52] [!] Gagal ambil URL .m3u8, coba fallback format best
[2025-07-03 04:19:53] [✓] URL streaming disimpan: MUSKLIVE.m3u8.txt
[2025-07-03 04:19:53] [*] Memproses: MUSICAS
[2025-07-03 04:19:57] [!] Gagal ambil URL .m3u8, coba fallback format best
[2025-07-03 04:19:59] [✓] URL streaming disimpan: MUSICAS.m3u8.txt
[2025-07-03 04:19:59] [*] Memproses: RADUIOHITS
[2025-07-03 04:20:00] [!] Tidak bisa resolve video ID dari: https://www.youtube.com/@GPRecords/live
[2025-07-03 04:20:00] [*] Memproses: SONYM
[2025-07-03 04:20:03] [!] Gagal ambil URL .m3u8, coba fallback format best
[2025-07-03 04:20:05] [✓] URL streaming disimpan: SONYM.m3u8.txt
[2025-07-03 04:20:05] [*] Memproses: TVONE1
[2025-07-03 04:20:08] [!] Gagal ambil URL .m3u8, coba fallback format best
[2025-07-03 04:20:10] [✓] URL streaming disimpan: TVONE1.m3u8.txt
[2025-07-03 04:20:10] [*] Memproses: METROTV1
[2025-07-03 04:20:13] [!] Gagal ambil URL .m3u8, coba fallback format best
[2025-07-03 04:20:15] [✓] URL streaming disimpan: METROTV1.m3u8.txt
[2025-07-03 04:20:15] [*] Memproses: KOMPASS1
[2025-07-03 04:20:18] [!] Gagal ambil URL .m3u8, coba fallback format best
[2025-07-03 04:20:20] [✓] URL streaming disimpan: KOMPASS1.m3u8.txt
[2025-07-03 04:20:20] [*] Memproses: SHOLAWAT1
[2025-07-03 04:20:23] [!] Gagal ambil URL .m3u8, coba fallback format best
[2025-07-03 04:20:25] [✓] URL streaming disimpan: SHOLAWAT1.m3u8.txt
[2025-07-03 04:20:25] [*] Memproses: MEKKAHL
[2025-07-03 04:20:28] [!] Gagal ambil URL .m3u8, coba fallback format best
[2025-07-03 04:20:30] [✓] URL streaming disimpan: MEKKAHL.m3u8.txt
[2025-07-03 04:20:30] [*] Memproses: MADINAHL
[2025-07-03 04:20:33] [!] Gagal ambil URL .m3u8, coba fallback format best
[2025-07-03 04:20:35] [✓] URL streaming disimpan: MADINAHL.m3u8.txt
[2025-07-03 04:20:35] [*] Memproses: FATWAL
[2025-07-03 04:20:39] [!] Gagal ambil URL .m3u8, coba fallback format best
[2025-07-03 04:20:40] [✓] URL streaming disimpan: FATWAL.m3u8.txt
[2025-07-03 04:20:40] [*] Memproses: NAMAH
[2025-07-03 04:20:44] [!] Gagal ambil URL .m3u8, coba fallback format best
[2025-07-03 04:20:46] [✓] URL streaming disimpan: NAMAH.m3u8.txt
[2025-07-03 04:20:46] [*] Memproses: POORO1
[2025-07-03 04:20:47] [!] Tidak bisa resolve video ID dari: https://www.youtube.com/@pororosipenguinkecil/live
[2025-07-03 04:20:47] [*] Memproses: UPIPN
[2025-07-03 04:20:48] [!] Tidak bisa resolve video ID dari: https://www.youtube.com/@lescopaque/live
[2025-07-03 04:20:48] [*] Memproses: OGYL
[2025-07-03 04:20:52] [!] Gagal ambil URL .m3u8, coba fallback format best
[2025-07-03 04:20:53] [✓] URL streaming disimpan: OGYL.m3u8.txt
[2025-07-03 04:20:53] [*] Memproses: TOMJER
[2025-07-03 04:20:57] [!] Gagal ambil URL .m3u8, coba fallback format best
[2025-07-03 04:20:59] [✓] URL streaming disimpan: TOMJER.m3u8.txt
[2025-07-03 04:20:59] [*] Memproses: BILION
[2025-07-03 04:21:03] [!] Gagal ambil URL .m3u8, coba fallback format best
[2025-07-03 04:21:05] [✓] URL streaming disimpan: BILION.m3u8.txt
[2025-07-03 04:21:05] [*] Memproses: TELETUBBI
[2025-07-03 04:21:09] [!] Gagal ambil URL .m3u8, coba fallback format best
[2025-07-03 04:21:10] [✓] URL streaming disimpan: TELETUBBI.m3u8.txt
[2025-07-03 04:21:10] [*] Memproses: LAANAK1
[2025-07-03 04:21:11] [!] Tidak bisa resolve video ID dari: https://www.youtube.com/@lagudananimasianak_anak/live
[2025-07-03 04:21:11] [*] Memproses: LABU2KIDS
[2025-07-03 04:21:12] [!] Tidak bisa resolve video ID dari: https://www.youtube.com/@labubukids25/live
[2025-07-03 04:21:12] [*] Memproses: TOBOKDS
[2025-07-03 04:21:17] [!] Gagal ambil URL .m3u8, coba fallback format best
[2025-07-03 04:21:18] [✓] URL streaming disimpan: TOBOKDS.m3u8.txt
[2025-07-03 04:21:18] [*] Memproses: MAHERZEIN1
[2025-07-03 04:21:22] [!] Gagal ambil URL .m3u8, coba fallback format best
[2025-07-03 04:21:24] [✓] URL streaming disimpan: MAHERZEIN1.m3u8.txt
