[2025-05-17 23:21:27] [*] Memproses: SHERIFFLABRADOR
[2025-05-17 23:21:33] [!] Gagal ambil URL .m3u8 untuk: https://www.youtube.com/watch?v=f3SvZCRBFto, coba fallback best format
[2025-05-17 23:21:35] [✓] URL streaming disimpan: SHERIFFLABRADOR.m3u8.txt
[2025-05-17 23:21:35] [*] Memproses: DISNEY
[2025-05-17 23:21:36] [!] Tidak bisa resolve video ID dari: https://www.youtube.com/@DisneyJunior/live
[2025-05-17 23:21:36] [*] Memproses: DODOBE
[2025-05-17 23:21:41] [!] Gagal ambil URL .m3u8 untuk: https://www.youtube.com/watch?v=wybasT5kalo, coba fallback best format
[2025-05-17 23:21:43] [✓] URL streaming disimpan: DODOBE.m3u8.txt
[2025-05-17 23:21:43] [*] Memproses: SAUNTHESHEEP
[2025-05-17 23:21:48] [!] Gagal ambil URL .m3u8 untuk: https://www.youtube.com/watch?v=4hYUpC7fqtE, coba fallback best format
[2025-05-17 23:21:50] [✓] URL streaming disimpan: SAUNTHESHEEP.m3u8.txt
[2025-05-17 23:21:50] [*] Memproses: ROBOCAR
[2025-05-17 23:21:55] [!] Gagal ambil URL .m3u8 untuk: https://www.youtube.com/watch?v=Yb-Fm_zRWMA, coba fallback best format
[2025-05-17 23:21:57] [✓] URL streaming disimpan: ROBOCAR.m3u8.txt
[2025-05-17 23:21:57] [*] Memproses: ANAKISLAMI1
[2025-05-17 23:22:02] [!] Gagal ambil URL .m3u8 untuk: https://www.youtube.com/watch?v=7v0VyUCTydc, coba fallback best format
[2025-05-17 23:22:04] [✓] URL streaming disimpan: ANAKISLAMI1.m3u8.txt
[2025-05-17 23:22:04] [*] Memproses: ANAKISLAMI2
[2025-05-17 23:22:09] [!] Gagal ambil URL .m3u8 untuk: https://www.youtube.com/watch?v=teYngzOxbGY, coba fallback best format
[2025-05-17 23:22:11] [✓] URL streaming disimpan: ANAKISLAMI2.m3u8.txt
[2025-05-17 23:22:11] [*] Memproses: ANAKISLAMI3
[2025-05-17 23:22:12] [!] Tidak bisa resolve video ID dari: https://www.youtube.com/@kastarisentra/live
[2025-05-17 23:22:12] [*] Memproses: BINGINDO
[2025-05-17 23:22:17] [!] Gagal ambil URL .m3u8 untuk: https://www.youtube.com/watch?v=hEXTQR68zOk, coba fallback best format
[2025-05-17 23:22:19] [✓] URL streaming disimpan: BINGINDO.m3u8.txt
[2025-05-17 23:22:19] [*] Memproses: DIVAD1
[2025-05-17 23:22:20] [!] Tidak bisa resolve video ID dari: https://www.youtube.com/@divatheseries/live
[2025-05-17 23:22:20] [*] Memproses: LIACHA
[2025-05-17 23:22:21] [!] Tidak bisa resolve video ID dari: https://www.youtube.com/@LiaChaCha_ID/live
[2025-05-17 23:22:21] [*] Memproses: KEDOOT
[2025-05-17 23:22:26] [!] Gagal ambil URL .m3u8 untuk: https://www.youtube.com/watch?v=Hao0-UEny-s, coba fallback best format
[2025-05-17 23:22:28] [✓] URL streaming disimpan: KEDOOT.m3u8.txt
[2025-05-17 23:22:28] [*] Memproses: ALANB
[2025-05-17 23:22:33] [!] Gagal ambil URL .m3u8 untuk: https://www.youtube.com/watch?v=CYhGhs0Ismk, coba fallback best format
[2025-05-17 23:22:35] [✓] URL streaming disimpan: ALANB.m3u8.txt
[2025-05-17 23:22:35] [*] Memproses: FARMESS
[2025-05-17 23:22:40] [!] Gagal ambil URL .m3u8 untuk: https://www.youtube.com/watch?v=5NGGmnsLPBg, coba fallback best format
[2025-05-17 23:22:42] [✓] URL streaming disimpan: FARMESS.m3u8.txt
[2025-05-17 23:22:42] [*] Memproses: RAINBOO
[2025-05-17 23:22:47] [!] Gagal ambil URL .m3u8 untuk: https://www.youtube.com/watch?v=k8zDfc4ABf4, coba fallback best format
[2025-05-17 23:22:49] [✓] URL streaming disimpan: RAINBOO.m3u8.txt
[2025-05-17 23:22:49] [*] Memproses: LTEELANGLE
[2025-05-17 23:22:50] [!] Tidak bisa resolve video ID dari: https://www.youtube.com/@BeepBeepNurseryRhymes/live
[2025-05-17 23:22:50] [*] Memproses: LEOSP
[2025-05-17 23:22:51] [!] Tidak bisa resolve video ID dari: https://www.youtube.com/@LeoSiPenjagaAlam/live
[2025-05-17 23:22:51] [*] Memproses: BABYBUUS
[2025-05-17 23:22:57] [!] Gagal ambil URL .m3u8 untuk: https://www.youtube.com/watch?v=OaSKNaUTJZc, coba fallback best format
[2025-05-17 23:22:59] [✓] URL streaming disimpan: BABYBUUS.m3u8.txt
[2025-05-17 23:22:59] [*] Memproses: DESNEYJ
[2025-05-17 23:23:04] [!] Gagal ambil URL .m3u8 untuk: https://www.youtube.com/watch?v=z_cIiCi93Ss, coba fallback best format
[2025-05-17 23:23:06] [✓] URL streaming disimpan: DESNEYJ.m3u8.txt
[2025-05-17 23:23:06] [*] Memproses: BLUE
[2025-05-17 23:23:11] [!] Gagal ambil URL .m3u8 untuk: https://www.youtube.com/watch?v=DWKOlPSNJGQ, coba fallback best format
[2025-05-17 23:23:13] [✓] URL streaming disimpan: BLUE.m3u8.txt
[2025-05-17 23:23:13] [*] Memproses: PJMASK
[2025-05-17 23:23:18] [!] Gagal ambil URL .m3u8 untuk: https://www.youtube.com/watch?v=Wd5iXxOGcLE, coba fallback best format
[2025-05-17 23:23:20] [✓] URL streaming disimpan: PJMASK.m3u8.txt
[2025-05-17 23:23:20] [*] Memproses: SPONGBOB
[2025-05-17 23:23:25] [!] Gagal ambil URL .m3u8 untuk: https://www.youtube.com/watch?v=3_3GgdcPX5M, coba fallback best format
[2025-05-17 23:23:27] [✓] URL streaming disimpan: SPONGBOB.m3u8.txt
[2025-05-17 23:23:27] [*] Memproses: BOBAA
[2025-05-17 23:23:32] [!] Gagal ambil URL .m3u8 untuk: https://www.youtube.com/watch?v=AeA8GolazH8, coba fallback best format
[2025-05-17 23:23:34] [✓] URL streaming disimpan: BOBAA.m3u8.txt
[2025-05-17 23:23:34] [*] Memproses: BABYTV
[2025-05-17 23:23:40] [!] Gagal ambil URL .m3u8 untuk: https://www.youtube.com/watch?v=4rZj9odIyKo, coba fallback best format
[2025-05-17 23:23:42] [✓] URL streaming disimpan: BABYTV.m3u8.txt
[2025-05-17 23:23:42] [*] Memproses: HOHOP
[2025-05-17 23:23:47] [!] Gagal ambil URL .m3u8 untuk: https://www.youtube.com/watch?v=gaub8WtXVB4, coba fallback best format
[2025-05-17 23:23:48] [✓] URL streaming disimpan: HOHOP.m3u8.txt
[2025-05-17 23:23:48] [*] Memproses: SEMUT1
[2025-05-17 23:23:53] [!] Gagal ambil URL .m3u8 untuk: https://www.youtube.com/watch?v=duy8abO0HYs, coba fallback best format
[2025-05-17 23:23:56] [✓] URL streaming disimpan: SEMUT1.m3u8.txt
[2025-05-17 23:23:56] [*] Memproses: PEPPA
[2025-05-17 23:24:01] [!] Gagal ambil URL .m3u8 untuk: https://www.youtube.com/watch?v=KfVCiNKMtYs, coba fallback best format
[2025-05-17 23:24:03] [✓] URL streaming disimpan: PEPPA.m3u8.txt
[2025-05-17 23:24:03] [*] Memproses: LOCONUT
[2025-05-17 23:24:08] [!] Gagal ambil URL .m3u8 untuk: https://www.youtube.com/watch?v=wvAnMtfDykY, coba fallback best format
[2025-05-17 23:24:10] [✓] URL streaming disimpan: LOCONUT.m3u8.txt
[2025-05-17 23:24:10] [*] Memproses: SIMPLES
[2025-05-17 23:24:11] [!] Tidak bisa resolve video ID dari: https://www.youtube.com/@TobyandFriendsKidsSongs/live
[2025-05-17 23:24:11] [*] Memproses: NANTOON
[2025-05-17 23:24:16] [!] Gagal ambil URL .m3u8 untuk: https://www.youtube.com/watch?v=sMLuulM-l8U, coba fallback best format
[2025-05-17 23:24:18] [✓] URL streaming disimpan: NANTOON.m3u8.txt
[2025-05-17 23:24:18] [*] Memproses: MASHAMB1
[2025-05-17 23:24:20] [!] Tidak bisa resolve video ID dari: https://www.youtube.com/@MashaBearINDONESIA/live
[2025-05-17 23:24:20] [*] Memproses: MASHAMB2
[2025-05-17 23:24:25] [!] Gagal ambil URL .m3u8 untuk: https://www.youtube.com/watch?v=LBNKUirXRgM, coba fallback best format
[2025-05-17 23:24:27] [✓] URL streaming disimpan: MASHAMB2.m3u8.txt
[2025-05-17 23:24:27] [*] Memproses: TALKT
[2025-05-17 23:24:33] [!] Gagal ambil URL .m3u8 untuk: https://www.youtube.com/watch?v=c890cnc0U20, coba fallback best format
[2025-05-17 23:24:35] [✓] URL streaming disimpan: TALKT.m3u8.txt
[2025-05-17 23:24:35] [*] Memproses: HUMTY
[2025-05-17 23:24:36] [!] Tidak bisa resolve video ID dari: https://www.youtube.com/@ChuChuTV/live
[2025-05-17 23:24:36] [*] Memproses: NICKJR
[2025-05-17 23:24:41] [!] Gagal ambil URL .m3u8 untuk: https://www.youtube.com/watch?v=6NMU7wBTs1c, coba fallback best format
[2025-05-17 23:24:43] [✓] URL streaming disimpan: NICKJR.m3u8.txt
[2025-05-17 23:24:43] [*] Memproses: PATROL
[2025-05-17 23:24:48] [!] Gagal ambil URL .m3u8 untuk: https://www.youtube.com/watch?v=Ui_6vrFvqRI, coba fallback best format
[2025-05-17 23:24:51] [✓] URL streaming disimpan: PATROL.m3u8.txt
[2025-05-17 23:24:51] [*] Memproses: TAYOB
[2025-05-17 23:24:55] [!] Gagal ambil URL .m3u8 untuk: https://www.youtube.com/watch?v=JsxQpzmpjqg, coba fallback best format
[2025-05-17 23:24:57] [✓] URL streaming disimpan: TAYOB.m3u8.txt
[2025-05-17 23:24:57] [*] Memproses: LARVA
[2025-05-17 23:25:00] [!] Tidak bisa resolve video ID dari: https://www.youtube.com/@larvacartoonvietnam6214/live
[2025-05-17 23:25:00] [*] Memproses: NICKELODEON
[2025-05-17 23:25:05] [!] Gagal ambil URL .m3u8 untuk: https://www.youtube.com/watch?v=7ZlpCM4WtMI, coba fallback best format
[2025-05-17 23:25:07] [✓] URL streaming disimpan: NICKELODEON.m3u8.txt
[2025-05-17 23:25:07] [*] Memproses: COCOBI
[2025-05-17 23:25:12] [!] Gagal ambil URL .m3u8 untuk: https://www.youtube.com/watch?v=d0xf5rUyksA, coba fallback best format
[2025-05-17 23:25:13] [✓] URL streaming disimpan: COCOBI.m3u8.txt
[2025-05-17 23:25:13] [*] Memproses: DYNEI
[2025-05-17 23:25:18] [!] Gagal ambil URL .m3u8 untuk: https://www.youtube.com/watch?v=JciAjHgMib4, coba fallback best format
[2025-05-17 23:25:20] [✓] URL streaming disimpan: DYNEI.m3u8.txt
[2025-05-17 23:25:20] [*] Memproses: JONYTONY
[2025-05-17 23:25:25] [!] Gagal ambil URL .m3u8 untuk: https://www.youtube.com/watch?v=_ZYypJyLJRY, coba fallback best format
[2025-05-17 23:25:27] [✓] URL streaming disimpan: JONYTONY.m3u8.txt
[2025-05-17 23:25:27] [*] Memproses: CARTUNITO
[2025-05-17 23:25:32] [!] Gagal ambil URL .m3u8 untuk: https://www.youtube.com/watch?v=p5l3ZS1jVUE, coba fallback best format
[2025-05-17 23:25:34] [✓] URL streaming disimpan: CARTUNITO.m3u8.txt
[2025-05-17 23:25:34] [*] Memproses: KIYAK
[2025-05-17 23:25:39] [!] Gagal ambil URL .m3u8 untuk: https://www.youtube.com/watch?v=8hfR6A7XrL0, coba fallback best format
[2025-05-17 23:25:41] [✓] URL streaming disimpan: KIYAK.m3u8.txt
[2025-05-17 23:25:41] [*] Memproses: MAYAM
[2025-05-17 23:25:46] [!] Gagal ambil URL .m3u8 untuk: https://www.youtube.com/watch?v=9zPeZs1kBCA, coba fallback best format
[2025-05-17 23:25:48] [✓] URL streaming disimpan: MAYAM.m3u8.txt
[2025-05-17 23:25:48] [*] Memproses: JOLLYNF
[2025-05-17 23:25:53] [!] Gagal ambil URL .m3u8 untuk: https://www.youtube.com/watch?v=dpz_c2fE_D4, coba fallback best format
[2025-05-17 23:25:55] [✓] URL streaming disimpan: JOLLYNF.m3u8.txt
[2025-05-17 23:25:55] [*] Memproses: EARTHB
[2025-05-17 23:26:00] [!] Gagal ambil URL .m3u8 untuk: https://www.youtube.com/watch?v=hTHld3T7NA0, coba fallback best format
[2025-05-17 23:26:02] [✓] URL streaming disimpan: EARTHB.m3u8.txt
[2025-05-17 23:26:02] [*] Memproses: EARTHC
[2025-05-17 23:26:06] [!] Gagal ambil URL .m3u8 untuk: https://www.youtube.com/watch?v=iws3rh5vLAQ, coba fallback best format
[2025-05-17 23:26:08] [✓] URL streaming disimpan: EARTHC.m3u8.txt
[2025-05-17 23:26:08] [*] Memproses: EARTHR
[2025-05-17 23:26:12] [!] Gagal ambil URL .m3u8 untuk: https://www.youtube.com/watch?v=z7SiAaN4ogw, coba fallback best format
[2025-05-17 23:26:14] [✓] URL streaming disimpan: EARTHR.m3u8.txt
[2025-05-17 23:26:14] [*] Memproses: NATGEO
[2025-05-17 23:26:19] [!] Gagal ambil URL .m3u8 untuk: https://www.youtube.com/watch?v=bbLjL08m-mY, coba fallback best format
[2025-05-17 23:26:21] [✓] URL streaming disimpan: NATGEO.m3u8.txt
[2025-05-17 23:26:21] [*] Memproses: NATWILD
[2025-05-17 23:26:22] [!] Tidak bisa resolve video ID dari: https://www.youtube.com/watch?v=BJ3Yv572V1A
[2025-05-17 23:26:22] [*] Memproses: ONECHMP
[2025-05-17 23:26:23] [!] Tidak bisa resolve video ID dari: https://www.youtube.com/@ONEChampionship/live
[2025-05-17 23:26:23] [*] Memproses: ESPORT1
[2025-05-17 23:26:26] [!] Tidak bisa resolve video ID dari: https://www.youtube.com/@MPLIndonesia/live
[2025-05-17 23:26:26] [*] Memproses: ESPORT2
[2025-05-17 23:26:27] [!] Tidak bisa resolve video ID dari: https://www.youtube.com/@pubgmobileid/live
[2025-05-17 23:26:27] [*] Memproses: ESPORT3
[2025-05-17 23:26:28] [!] Tidak bisa resolve video ID dari: https://www.youtube.com/@iesf_official/live
[2025-05-17 23:26:28] [*] Memproses: ESPORT4
[2025-05-17 23:26:29] [!] Tidak bisa resolve video ID dari: https://www.youtube.com/@PUBGMOBILEEsports/live
[2025-05-17 23:26:29] [*] Memproses: ESPORT5
[2025-05-17 23:26:30] [!] Tidak bisa resolve video ID dari: https://www.youtube.com/@ValorantEsports/live
[2025-05-17 23:26:30] [*] Memproses: ESPORT6
[2025-05-17 23:26:31] [!] Tidak bisa resolve video ID dari: https://www.youtube.com/@ESLDota2/live
[2025-05-17 23:26:31] [*] Memproses: ESPORT7
[2025-05-17 23:26:33] [!] Tidak bisa resolve video ID dari: https://www.youtube.com/@FFEsportsIDOfficial/live
[2025-05-17 23:26:33] [*] Memproses: ESPORT8
[2025-05-17 23:26:34] [!] Tidak bisa resolve video ID dari: https://www.youtube.com/sarcastic_esport19/live
[2025-05-17 23:26:34] [*] Memproses: MUSIKINDO
[2025-05-17 23:26:39] [!] Gagal ambil URL .m3u8 untuk: https://www.youtube.com/watch?v=U4Ux0ePA_2U, coba fallback best format
[2025-05-17 23:26:41] [✓] URL streaming disimpan: MUSIKINDO.m3u8.txt
[2025-05-17 23:26:41] [*] Memproses: POPINDO1
[2025-05-17 23:26:46] [!] Gagal ambil URL .m3u8 untuk: https://www.youtube.com/watch?v=XSh7VvuIXvI, coba fallback best format
[2025-05-17 23:26:47] [✓] URL streaming disimpan: POPINDO1.m3u8.txt
[2025-05-17 23:26:47] [*] Memproses: KOPLO1
[2025-05-17 23:26:52] [!] Gagal ambil URL .m3u8 untuk: https://www.youtube.com/watch?v=wYljHwINTkU, coba fallback best format
[2025-05-17 23:26:54] [✓] URL streaming disimpan: KOPLO1.m3u8.txt
[2025-05-17 23:26:54] [*] Memproses: BARAT1
[2025-05-17 23:26:59] [!] Gagal ambil URL .m3u8 untuk: https://www.youtube.com/watch?v=VOy2RBWYCYI, coba fallback best format
[2025-05-17 23:27:01] [✓] URL streaming disimpan: BARAT1.m3u8.txt
[2025-05-17 23:27:01] [*] Memproses: RELAX1
[2025-05-17 23:27:06] [!] Gagal ambil URL .m3u8 untuk: https://www.youtube.com/watch?v=O2lmYoQnkKk, coba fallback best format
[2025-05-17 23:27:08] [✓] URL streaming disimpan: RELAX1.m3u8.txt
[2025-05-17 23:27:08] [*] Memproses: REMIX1
[2025-05-17 23:27:09] [!] Tidak bisa resolve video ID dari: https://www.youtube.com/@ApriNaLdyMusicRemix/live
[2025-05-17 23:27:09] [*] Memproses: DJKA1
[2025-05-17 23:27:10] [!] Tidak bisa resolve video ID dari: https://www.youtube.com/@matamusik_id/live
[2025-05-17 23:27:10] [*] Memproses: BARAT2
[2025-05-17 23:27:15] [!] Gagal ambil URL .m3u8 untuk: https://www.youtube.com/watch?v=uQGeiM7YpNw, coba fallback best format
[2025-05-17 23:27:17] [✓] URL streaming disimpan: BARAT2.m3u8.txt
[2025-05-17 23:27:17] [*] Memproses: BOLLIW
[2025-05-17 23:27:18] [!] Tidak bisa resolve video ID dari: https://www.youtube.com/@HindiloveHits6688/live
[2025-05-17 23:27:18] [*] Memproses: MUSKLIVE
[2025-05-17 23:27:23] [!] Gagal ambil URL .m3u8 untuk: https://www.youtube.com/watch?v=7nfhHhCCmjA, coba fallback best format
[2025-05-17 23:27:25] [✓] URL streaming disimpan: MUSKLIVE.m3u8.txt
[2025-05-17 23:27:25] [*] Memproses: MUSICAS
[2025-05-17 23:27:30] [!] Gagal ambil URL .m3u8 untuk: https://www.youtube.com/watch?v=XSh7VvuIXvI, coba fallback best format
[2025-05-17 23:27:32] [✓] URL streaming disimpan: MUSICAS.m3u8.txt
[2025-05-17 23:27:32] [*] Memproses: RADUIOHITS
[2025-05-17 23:27:33] [!] Tidak bisa resolve video ID dari: https://www.youtube.com/@LiveMusicRadio/live
[2025-05-17 23:27:33] [*] Memproses: SONYM
[2025-05-17 23:27:37] [!] Gagal ambil URL .m3u8 untuk: https://www.youtube.com/watch?v=U4Ux0ePA_2U, coba fallback best format
[2025-05-17 23:27:39] [✓] URL streaming disimpan: SONYM.m3u8.txt
[2025-05-17 23:27:39] [*] Memproses: TVONE1
[2025-05-17 23:27:43] [!] Gagal ambil URL .m3u8 untuk: https://www.youtube.com/watch?v=yNKvkPJl-tg, coba fallback best format
[2025-05-17 23:27:46] [✓] URL streaming disimpan: TVONE1.m3u8.txt
[2025-05-17 23:27:46] [*] Memproses: METROTV1
[2025-05-17 23:27:50] [!] Gagal ambil URL .m3u8 untuk: https://www.youtube.com/watch?v=-CwtcKDaaLA, coba fallback best format
[2025-05-17 23:27:51] [✓] URL streaming disimpan: METROTV1.m3u8.txt
[2025-05-17 23:27:51] [*] Memproses: KOMPASS1
[2025-05-17 23:27:57] [!] Gagal ambil URL .m3u8 untuk: https://www.youtube.com/watch?v=DOOrIxw5xOw, coba fallback best format
[2025-05-17 23:28:00] [✓] URL streaming disimpan: KOMPASS1.m3u8.txt
[2025-05-17 23:28:00] [*] Memproses: SHOLAWAT1
[2025-05-17 23:28:05] [!] Gagal ambil URL .m3u8 untuk: https://www.youtube.com/watch?v=hzOUyxOgQNc, coba fallback best format
[2025-05-17 23:28:07] [✓] URL streaming disimpan: SHOLAWAT1.m3u8.txt
[2025-05-17 23:28:07] [*] Memproses: MEKKAHL
[2025-05-17 23:28:12] [!] Gagal ambil URL .m3u8 untuk: https://www.youtube.com/watch?v=YCnZfcnmpQA, coba fallback best format
[2025-05-17 23:28:14] [✓] URL streaming disimpan: MEKKAHL.m3u8.txt
[2025-05-17 23:28:14] [*] Memproses: MADINAHL
[2025-05-17 23:28:18] [!] Gagal ambil URL .m3u8 untuk: https://www.youtube.com/watch?v=pHpo36K05k4, coba fallback best format
[2025-05-17 23:28:20] [✓] URL streaming disimpan: MADINAHL.m3u8.txt
[2025-05-17 23:28:20] [*] Memproses: FATWAL
[2025-05-17 23:28:25] [!] Gagal ambil URL .m3u8 untuk: https://www.youtube.com/watch?v=JJOlaGxOMIc, coba fallback best format
[2025-05-17 23:28:27] [✓] URL streaming disimpan: FATWAL.m3u8.txt
[2025-05-17 23:28:27] [*] Memproses: NAMAH
[2025-05-17 23:28:31] [!] Gagal ambil URL .m3u8 untuk: https://www.youtube.com/watch?v=hHm9kQZNqmE, coba fallback best format
[2025-05-17 23:28:33] [✓] URL streaming disimpan: NAMAH.m3u8.txt
[2025-05-17 23:28:33] [*] Memproses: POORO1
[2025-05-17 23:28:34] [!] Tidak bisa resolve video ID dari: https://www.youtube.com/@pororosipenguinkecil/live
[2025-05-17 23:28:34] [*] Memproses: UPIPN
[2025-05-17 23:28:35] [!] Tidak bisa resolve video ID dari: https://www.youtube.com/@lescopaque/live
[2025-05-17 23:28:35] [*] Memproses: OGYL
[2025-05-17 23:28:41] [!] Gagal ambil URL .m3u8 untuk: https://www.youtube.com/watch?v=4fs42tPscuo, coba fallback best format
[2025-05-17 23:28:43] [✓] URL streaming disimpan: OGYL.m3u8.txt
[2025-05-17 23:28:43] [*] Memproses: TOMJER
[2025-05-17 23:28:48] [!] Gagal ambil URL .m3u8 untuk: https://www.youtube.com/watch?v=_XeGYNTiuSM, coba fallback best format
[2025-05-17 23:28:50] [✓] URL streaming disimpan: TOMJER.m3u8.txt
[2025-05-17 23:28:50] [*] Memproses: BILION
[2025-05-17 23:28:55] [!] Gagal ambil URL .m3u8 untuk: https://www.youtube.com/watch?v=lKl2hlFK3gY, coba fallback best format
[2025-05-17 23:28:57] [✓] URL streaming disimpan: BILION.m3u8.txt
[2025-05-18 00:02:03] [*] Memproses: SHERIFFLABRADOR
[2025-05-18 00:02:08] [!] Gagal ambil URL .m3u8 untuk: https://www.youtube.com/watch?v=f3SvZCRBFto, coba fallback best format
[2025-05-18 00:02:10] [✓] URL streaming disimpan: SHERIFFLABRADOR.m3u8.txt
[2025-05-18 00:02:10] [*] Memproses: DISNEY
[2025-05-18 00:02:11] [!] Tidak bisa resolve video ID dari: https://www.youtube.com/@DisneyJunior/live
[2025-05-18 00:02:11] [*] Memproses: DODOBE
[2025-05-18 00:02:15] [!] Gagal ambil URL .m3u8 untuk: https://www.youtube.com/watch?v=wybasT5kalo, coba fallback best format
[2025-05-18 00:02:17] [✓] URL streaming disimpan: DODOBE.m3u8.txt
[2025-05-18 00:02:17] [*] Memproses: SAUNTHESHEEP
[2025-05-18 00:02:22] [!] Gagal ambil URL .m3u8 untuk: https://www.youtube.com/watch?v=4hYUpC7fqtE, coba fallback best format
[2025-05-18 00:02:24] [✓] URL streaming disimpan: SAUNTHESHEEP.m3u8.txt
[2025-05-18 00:02:24] [*] Memproses: ROBOCAR
[2025-05-18 00:02:29] [!] Gagal ambil URL .m3u8 untuk: https://www.youtube.com/watch?v=Yb-Fm_zRWMA, coba fallback best format
[2025-05-18 00:02:31] [✓] URL streaming disimpan: ROBOCAR.m3u8.txt
[2025-05-18 00:02:31] [*] Memproses: ANAKISLAMI1
[2025-05-18 00:02:35] [!] Gagal ambil URL .m3u8 untuk: https://www.youtube.com/watch?v=7v0VyUCTydc, coba fallback best format
[2025-05-18 00:02:37] [✓] URL streaming disimpan: ANAKISLAMI1.m3u8.txt
[2025-05-18 00:02:37] [*] Memproses: ANAKISLAMI2
[2025-05-18 00:02:41] [!] Gagal ambil URL .m3u8 untuk: https://www.youtube.com/watch?v=teYngzOxbGY, coba fallback best format
[2025-05-18 00:02:43] [✓] URL streaming disimpan: ANAKISLAMI2.m3u8.txt
[2025-05-18 00:02:43] [*] Memproses: ANAKISLAMI3
[2025-05-18 00:02:44] [!] Tidak bisa resolve video ID dari: https://www.youtube.com/@kastarisentra/live
[2025-05-18 00:02:44] [*] Memproses: BINGINDO
[2025-05-18 00:02:49] [!] Gagal ambil URL .m3u8 untuk: https://www.youtube.com/watch?v=hEXTQR68zOk, coba fallback best format
[2025-05-18 00:02:51] [✓] URL streaming disimpan: BINGINDO.m3u8.txt
[2025-05-18 00:02:51] [*] Memproses: DIVAD1
[2025-05-18 00:02:52] [!] Tidak bisa resolve video ID dari: https://www.youtube.com/@divatheseries/live
[2025-05-18 00:02:52] [*] Memproses: LIACHA
[2025-05-18 00:02:53] [!] Tidak bisa resolve video ID dari: https://www.youtube.com/@LiaChaCha_ID/live
[2025-05-18 00:02:53] [*] Memproses: KEDOOT
[2025-05-18 00:02:59] [!] Gagal ambil URL .m3u8 untuk: https://www.youtube.com/watch?v=Hao0-UEny-s, coba fallback best format
[2025-05-18 00:03:01] [✓] URL streaming disimpan: KEDOOT.m3u8.txt
[2025-05-18 00:03:01] [*] Memproses: ALANB
[2025-05-18 00:03:05] [!] Gagal ambil URL .m3u8 untuk: https://www.youtube.com/watch?v=CYhGhs0Ismk, coba fallback best format
[2025-05-18 00:03:07] [✓] URL streaming disimpan: ALANB.m3u8.txt
[2025-05-18 00:03:07] [*] Memproses: FARMESS
[2025-05-18 00:03:11] [!] Gagal ambil URL .m3u8 untuk: https://www.youtube.com/watch?v=5NGGmnsLPBg, coba fallback best format
[2025-05-18 00:03:13] [✓] URL streaming disimpan: FARMESS.m3u8.txt
[2025-05-18 00:03:13] [*] Memproses: RAINBOO
[2025-05-18 00:03:18] [!] Gagal ambil URL .m3u8 untuk: https://www.youtube.com/watch?v=k8zDfc4ABf4, coba fallback best format
[2025-05-18 00:03:19] [✓] URL streaming disimpan: RAINBOO.m3u8.txt
[2025-05-18 00:03:19] [*] Memproses: LTEELANGLE
[2025-05-18 00:03:20] [!] Tidak bisa resolve video ID dari: https://www.youtube.com/@BeepBeepNurseryRhymes/live
[2025-05-18 00:03:20] [*] Memproses: LEOSP
[2025-05-18 00:03:22] [!] Tidak bisa resolve video ID dari: https://www.youtube.com/@LeoSiPenjagaAlam/live
[2025-05-18 00:03:22] [*] Memproses: BABYBUUS
[2025-05-18 00:03:27] [!] Gagal ambil URL .m3u8 untuk: https://www.youtube.com/watch?v=OaSKNaUTJZc, coba fallback best format
[2025-05-18 00:03:29] [✓] URL streaming disimpan: BABYBUUS.m3u8.txt
[2025-05-18 00:03:29] [*] Memproses: DESNEYJ
[2025-05-18 00:03:33] [!] Gagal ambil URL .m3u8 untuk: https://www.youtube.com/watch?v=z_cIiCi93Ss, coba fallback best format
[2025-05-18 00:03:35] [✓] URL streaming disimpan: DESNEYJ.m3u8.txt
[2025-05-18 00:03:35] [*] Memproses: BLUE
[2025-05-18 00:03:40] [!] Gagal ambil URL .m3u8 untuk: https://www.youtube.com/watch?v=DWKOlPSNJGQ, coba fallback best format
[2025-05-18 00:03:42] [✓] URL streaming disimpan: BLUE.m3u8.txt
[2025-05-18 00:03:42] [*] Memproses: PJMASK
[2025-05-18 00:03:47] [!] Gagal ambil URL .m3u8 untuk: https://www.youtube.com/watch?v=Wd5iXxOGcLE, coba fallback best format
[2025-05-18 00:03:49] [✓] URL streaming disimpan: PJMASK.m3u8.txt
[2025-05-18 00:03:49] [*] Memproses: SPONGBOB
[2025-05-18 00:03:53] [!] Gagal ambil URL .m3u8 untuk: https://www.youtube.com/watch?v=3_3GgdcPX5M, coba fallback best format
[2025-05-18 00:03:55] [✓] URL streaming disimpan: SPONGBOB.m3u8.txt
[2025-05-18 00:03:55] [*] Memproses: BOBAA
[2025-05-18 00:04:00] [!] Gagal ambil URL .m3u8 untuk: https://www.youtube.com/watch?v=AeA8GolazH8, coba fallback best format
[2025-05-18 00:04:02] [✓] URL streaming disimpan: BOBAA.m3u8.txt
[2025-05-18 00:04:02] [*] Memproses: BABYTV
[2025-05-18 00:04:07] [!] Gagal ambil URL .m3u8 untuk: https://www.youtube.com/watch?v=4rZj9odIyKo, coba fallback best format
[2025-05-18 00:04:09] [✓] URL streaming disimpan: BABYTV.m3u8.txt
[2025-05-18 00:04:09] [*] Memproses: HOHOP
[2025-05-18 00:04:14] [!] Gagal ambil URL .m3u8 untuk: https://www.youtube.com/watch?v=gaub8WtXVB4, coba fallback best format
[2025-05-18 00:04:15] [✓] URL streaming disimpan: HOHOP.m3u8.txt
[2025-05-18 00:04:15] [*] Memproses: SEMUT1
[2025-05-18 00:04:20] [!] Gagal ambil URL .m3u8 untuk: https://www.youtube.com/watch?v=duy8abO0HYs, coba fallback best format
[2025-05-18 00:04:22] [✓] URL streaming disimpan: SEMUT1.m3u8.txt
[2025-05-18 00:04:22] [*] Memproses: PEPPA
[2025-05-18 00:04:27] [!] Gagal ambil URL .m3u8 untuk: https://www.youtube.com/watch?v=KfVCiNKMtYs, coba fallback best format
[2025-05-18 00:04:28] [✓] URL streaming disimpan: PEPPA.m3u8.txt
[2025-05-18 00:04:29] [*] Memproses: LOCONUT
[2025-05-18 00:04:34] [!] Gagal ambil URL .m3u8 untuk: https://www.youtube.com/watch?v=wvAnMtfDykY, coba fallback best format
[2025-05-18 00:04:35] [✓] URL streaming disimpan: LOCONUT.m3u8.txt
[2025-05-18 00:04:35] [*] Memproses: SIMPLES
[2025-05-18 00:04:36] [!] Tidak bisa resolve video ID dari: https://www.youtube.com/@TobyandFriendsKidsSongs/live
[2025-05-18 00:04:36] [*] Memproses: NANTOON
[2025-05-18 00:04:41] [!] Gagal ambil URL .m3u8 untuk: https://www.youtube.com/watch?v=sMLuulM-l8U, coba fallback best format
[2025-05-18 00:04:43] [✓] URL streaming disimpan: NANTOON.m3u8.txt
[2025-05-18 00:04:43] [*] Memproses: MASHAMB1
[2025-05-18 00:04:46] [!] Tidak bisa resolve video ID dari: https://www.youtube.com/@MashaBearINDONESIA/live
[2025-05-18 00:04:46] [*] Memproses: MASHAMB2
[2025-05-18 00:04:51] [!] Gagal ambil URL .m3u8 untuk: https://www.youtube.com/watch?v=LBNKUirXRgM, coba fallback best format
[2025-05-18 00:04:53] [✓] URL streaming disimpan: MASHAMB2.m3u8.txt
[2025-05-18 00:04:53] [*] Memproses: TALKT
[2025-05-18 00:04:58] [!] Gagal ambil URL .m3u8 untuk: https://www.youtube.com/watch?v=c890cnc0U20, coba fallback best format
[2025-05-18 00:05:00] [✓] URL streaming disimpan: TALKT.m3u8.txt
[2025-05-18 00:05:00] [*] Memproses: HUMTY
[2025-05-18 00:05:01] [!] Tidak bisa resolve video ID dari: https://www.youtube.com/@ChuChuTV/live
[2025-05-18 00:05:01] [*] Memproses: NICKJR
[2025-05-18 00:05:05] [!] Gagal ambil URL .m3u8 untuk: https://www.youtube.com/watch?v=6NMU7wBTs1c, coba fallback best format
[2025-05-18 00:05:07] [✓] URL streaming disimpan: NICKJR.m3u8.txt
[2025-05-18 00:05:07] [*] Memproses: PATROL
[2025-05-18 00:05:12] [!] Gagal ambil URL .m3u8 untuk: https://www.youtube.com/watch?v=Ui_6vrFvqRI, coba fallback best format
[2025-05-18 00:05:15] [✓] URL streaming disimpan: PATROL.m3u8.txt
[2025-05-18 00:05:15] [*] Memproses: TAYOB
[2025-05-18 00:05:20] [!] Gagal ambil URL .m3u8 untuk: https://www.youtube.com/watch?v=JsxQpzmpjqg, coba fallback best format
[2025-05-18 00:05:22] [✓] URL streaming disimpan: TAYOB.m3u8.txt
[2025-05-18 00:05:22] [*] Memproses: LARVA
[2025-05-18 00:05:23] [!] Tidak bisa resolve video ID dari: https://www.youtube.com/@larvacartoonvietnam6214/live
[2025-05-18 00:05:23] [*] Memproses: NICKELODEON
[2025-05-18 00:05:27] [!] Gagal ambil URL .m3u8 untuk: https://www.youtube.com/watch?v=7ZlpCM4WtMI, coba fallback best format
[2025-05-18 00:05:29] [✓] URL streaming disimpan: NICKELODEON.m3u8.txt
[2025-05-18 00:05:29] [*] Memproses: COCOBI
[2025-05-18 00:05:34] [!] Gagal ambil URL .m3u8 untuk: https://www.youtube.com/watch?v=d0xf5rUyksA, coba fallback best format
[2025-05-18 00:05:36] [✓] URL streaming disimpan: COCOBI.m3u8.txt
[2025-05-18 00:05:36] [*] Memproses: DYNEI
[2025-05-18 00:05:41] [!] Gagal ambil URL .m3u8 untuk: https://www.youtube.com/watch?v=JciAjHgMib4, coba fallback best format
[2025-05-18 00:05:43] [✓] URL streaming disimpan: DYNEI.m3u8.txt
[2025-05-18 00:05:43] [*] Memproses: JONYTONY
[2025-05-18 00:05:48] [!] Gagal ambil URL .m3u8 untuk: https://www.youtube.com/watch?v=_ZYypJyLJRY, coba fallback best format
[2025-05-18 00:05:50] [✓] URL streaming disimpan: JONYTONY.m3u8.txt
[2025-05-18 00:05:50] [*] Memproses: CARTUNITO
[2025-05-18 00:05:55] [!] Gagal ambil URL .m3u8 untuk: https://www.youtube.com/watch?v=p5l3ZS1jVUE, coba fallback best format
[2025-05-18 00:05:57] [✓] URL streaming disimpan: CARTUNITO.m3u8.txt
[2025-05-18 00:05:57] [*] Memproses: KIYAK
[2025-05-18 00:06:01] [!] Gagal ambil URL .m3u8 untuk: https://www.youtube.com/watch?v=8hfR6A7XrL0, coba fallback best format
[2025-05-18 00:06:03] [✓] URL streaming disimpan: KIYAK.m3u8.txt
[2025-05-18 00:06:03] [*] Memproses: MAYAM
[2025-05-18 00:06:08] [!] Gagal ambil URL .m3u8 untuk: https://www.youtube.com/watch?v=VRgJ8jRePhw, coba fallback best format
[2025-05-18 00:06:10] [✓] URL streaming disimpan: MAYAM.m3u8.txt
[2025-05-18 00:06:10] [*] Memproses: JOLLYNF
[2025-05-18 00:06:15] [!] Gagal ambil URL .m3u8 untuk: https://www.youtube.com/watch?v=dpz_c2fE_D4, coba fallback best format
[2025-05-18 00:06:17] [✓] URL streaming disimpan: JOLLYNF.m3u8.txt
[2025-05-18 00:06:17] [*] Memproses: EARTHB
[2025-05-18 00:06:22] [!] Gagal ambil URL .m3u8 untuk: https://www.youtube.com/watch?v=hTHld3T7NA0, coba fallback best format
[2025-05-18 00:06:24] [✓] URL streaming disimpan: EARTHB.m3u8.txt
[2025-05-18 00:06:24] [*] Memproses: EARTHC
[2025-05-18 00:06:28] [!] Gagal ambil URL .m3u8 untuk: https://www.youtube.com/watch?v=iws3rh5vLAQ, coba fallback best format
[2025-05-18 00:06:30] [✓] URL streaming disimpan: EARTHC.m3u8.txt
[2025-05-18 00:06:30] [*] Memproses: EARTHR
[2025-05-18 00:06:34] [!] Gagal ambil URL .m3u8 untuk: https://www.youtube.com/watch?v=z7SiAaN4ogw, coba fallback best format
[2025-05-18 00:06:35] [✓] URL streaming disimpan: EARTHR.m3u8.txt
[2025-05-18 00:06:35] [*] Memproses: NATGEO
[2025-05-18 00:06:40] [!] Gagal ambil URL .m3u8 untuk: https://www.youtube.com/watch?v=bbLjL08m-mY, coba fallback best format
[2025-05-18 00:06:42] [✓] URL streaming disimpan: NATGEO.m3u8.txt
[2025-05-18 00:06:42] [*] Memproses: NATWILD
[2025-05-18 00:06:43] [!] Tidak bisa resolve video ID dari: https://www.youtube.com/watch?v=BJ3Yv572V1A
[2025-05-18 00:06:43] [*] Memproses: ONECHMP
[2025-05-18 00:06:43] [!] Tidak bisa resolve video ID dari: https://www.youtube.com/@ONEChampionship/live
[2025-05-18 00:06:43] [*] Memproses: ESPORT1
[2025-05-18 00:06:46] [!] Tidak bisa resolve video ID dari: https://www.youtube.com/@MPLIndonesia/live
[2025-05-18 00:06:46] [*] Memproses: ESPORT2
[2025-05-18 00:06:47] [!] Tidak bisa resolve video ID dari: https://www.youtube.com/@pubgmobileid/live
[2025-05-18 00:06:47] [*] Memproses: ESPORT3
[2025-05-18 00:06:48] [!] Tidak bisa resolve video ID dari: https://www.youtube.com/@iesf_official/live
[2025-05-18 00:06:48] [*] Memproses: ESPORT4
[2025-05-18 00:06:49] [!] Tidak bisa resolve video ID dari: https://www.youtube.com/@PUBGMOBILEEsports/live
[2025-05-18 00:06:49] [*] Memproses: ESPORT5
[2025-05-18 00:06:50] [!] Tidak bisa resolve video ID dari: https://www.youtube.com/@ValorantEsports/live
[2025-05-18 00:06:50] [*] Memproses: ESPORT6
[2025-05-18 00:06:51] [!] Tidak bisa resolve video ID dari: https://www.youtube.com/@ESLDota2/live
[2025-05-18 00:06:51] [*] Memproses: ESPORT7
[2025-05-18 00:06:53] [!] Tidak bisa resolve video ID dari: https://www.youtube.com/@FFEsportsIDOfficial/live
[2025-05-18 00:06:53] [*] Memproses: ESPORT8
[2025-05-18 00:06:54] [!] Tidak bisa resolve video ID dari: https://www.youtube.com/sarcastic_esport19/live
[2025-05-18 00:06:54] [*] Memproses: MUSIKINDO
[2025-05-18 00:06:58] [!] Gagal ambil URL .m3u8 untuk: https://www.youtube.com/watch?v=U4Ux0ePA_2U, coba fallback best format
[2025-05-18 00:07:00] [✓] URL streaming disimpan: MUSIKINDO.m3u8.txt
[2025-05-18 00:07:00] [*] Memproses: POPINDO1
[2025-05-18 00:07:05] [!] Gagal ambil URL .m3u8 untuk: https://www.youtube.com/watch?v=XSh7VvuIXvI, coba fallback best format
[2025-05-18 00:07:07] [✓] URL streaming disimpan: POPINDO1.m3u8.txt
[2025-05-18 00:07:07] [*] Memproses: KOPLO1
[2025-05-18 00:07:11] [!] Gagal ambil URL .m3u8 untuk: https://www.youtube.com/watch?v=wYljHwINTkU, coba fallback best format
[2025-05-18 00:07:13] [✓] URL streaming disimpan: KOPLO1.m3u8.txt
[2025-05-18 00:07:13] [*] Memproses: BARAT1
[2025-05-18 00:07:17] [!] Gagal ambil URL .m3u8 untuk: https://www.youtube.com/watch?v=VOy2RBWYCYI, coba fallback best format
[2025-05-18 00:07:19] [✓] URL streaming disimpan: BARAT1.m3u8.txt
[2025-05-18 00:07:19] [*] Memproses: RELAX1
[2025-05-18 00:07:23] [!] Gagal ambil URL .m3u8 untuk: https://www.youtube.com/watch?v=O2lmYoQnkKk, coba fallback best format
[2025-05-18 00:07:25] [✓] URL streaming disimpan: RELAX1.m3u8.txt
[2025-05-18 00:07:25] [*] Memproses: REMIX1
[2025-05-18 00:07:26] [!] Tidak bisa resolve video ID dari: https://www.youtube.com/@ApriNaLdyMusicRemix/live
[2025-05-18 00:07:26] [*] Memproses: DJKA1
[2025-05-18 00:07:27] [!] Tidak bisa resolve video ID dari: https://www.youtube.com/@matamusik_id/live
[2025-05-18 00:07:27] [*] Memproses: BARAT2
[2025-05-18 00:07:31] [!] Gagal ambil URL .m3u8 untuk: https://www.youtube.com/watch?v=uQGeiM7YpNw, coba fallback best format
[2025-05-18 00:07:33] [✓] URL streaming disimpan: BARAT2.m3u8.txt
[2025-05-18 00:07:33] [*] Memproses: BOLLIW
[2025-05-18 00:07:34] [!] Tidak bisa resolve video ID dari: https://www.youtube.com/@HindiloveHits6688/live
[2025-05-18 00:07:34] [*] Memproses: MUSKLIVE
[2025-05-18 00:07:38] [!] Gagal ambil URL .m3u8 untuk: https://www.youtube.com/watch?v=7nfhHhCCmjA, coba fallback best format
[2025-05-18 00:07:40] [✓] URL streaming disimpan: MUSKLIVE.m3u8.txt
[2025-05-18 00:07:40] [*] Memproses: MUSICAS
[2025-05-18 00:07:45] [!] Gagal ambil URL .m3u8 untuk: https://www.youtube.com/watch?v=XSh7VvuIXvI, coba fallback best format
[2025-05-18 00:07:46] [✓] URL streaming disimpan: MUSICAS.m3u8.txt
[2025-05-18 00:07:46] [*] Memproses: RADUIOHITS
[2025-05-18 00:07:47] [!] Tidak bisa resolve video ID dari: https://www.youtube.com/@LiveMusicRadio/live
[2025-05-18 00:07:47] [*] Memproses: SONYM
[2025-05-18 00:07:52] [!] Gagal ambil URL .m3u8 untuk: https://www.youtube.com/watch?v=U4Ux0ePA_2U, coba fallback best format
[2025-05-18 00:07:53] [✓] URL streaming disimpan: SONYM.m3u8.txt
[2025-05-18 00:07:53] [*] Memproses: TVONE1
[2025-05-18 00:07:57] [!] Gagal ambil URL .m3u8 untuk: https://www.youtube.com/watch?v=yNKvkPJl-tg, coba fallback best format
[2025-05-18 00:07:59] [✓] URL streaming disimpan: TVONE1.m3u8.txt
[2025-05-18 00:07:59] [*] Memproses: METROTV1
[2025-05-18 00:08:01] [!] Tidak bisa resolve video ID dari: https://www.youtube.com/watch?v=-CwtcKDaaLA
[2025-05-18 00:08:01] [*] Memproses: KOMPASS1
[2025-05-18 00:08:05] [!] Gagal ambil URL .m3u8 untuk: https://www.youtube.com/watch?v=DOOrIxw5xOw, coba fallback best format
[2025-05-18 00:08:07] [✓] URL streaming disimpan: KOMPASS1.m3u8.txt
[2025-05-18 00:08:07] [*] Memproses: SHOLAWAT1
[2025-05-18 00:08:11] [!] Gagal ambil URL .m3u8 untuk: https://www.youtube.com/watch?v=hzOUyxOgQNc, coba fallback best format
[2025-05-18 00:08:13] [✓] URL streaming disimpan: SHOLAWAT1.m3u8.txt
[2025-05-18 00:08:13] [*] Memproses: MEKKAHL
[2025-05-18 00:08:17] [!] Gagal ambil URL .m3u8 untuk: https://www.youtube.com/watch?v=YCnZfcnmpQA, coba fallback best format
[2025-05-18 00:08:19] [✓] URL streaming disimpan: MEKKAHL.m3u8.txt
[2025-05-18 00:08:19] [*] Memproses: MADINAHL
[2025-05-18 00:08:23] [!] Gagal ambil URL .m3u8 untuk: https://www.youtube.com/watch?v=pHpo36K05k4, coba fallback best format
[2025-05-18 00:08:25] [✓] URL streaming disimpan: MADINAHL.m3u8.txt
[2025-05-18 00:08:25] [*] Memproses: FATWAL
[2025-05-18 00:08:29] [!] Gagal ambil URL .m3u8 untuk: https://www.youtube.com/watch?v=JJOlaGxOMIc, coba fallback best format
[2025-05-18 00:08:31] [✓] URL streaming disimpan: FATWAL.m3u8.txt
[2025-05-18 00:08:31] [*] Memproses: NAMAH
[2025-05-18 00:08:36] [!] Gagal ambil URL .m3u8 untuk: https://www.youtube.com/watch?v=hHm9kQZNqmE, coba fallback best format
[2025-05-18 00:08:38] [✓] URL streaming disimpan: NAMAH.m3u8.txt
[2025-05-18 00:08:38] [*] Memproses: POORO1
[2025-05-18 00:08:39] [!] Tidak bisa resolve video ID dari: https://www.youtube.com/@pororosipenguinkecil/live
[2025-05-18 00:08:39] [*] Memproses: UPIPN
[2025-05-18 00:08:40] [!] Tidak bisa resolve video ID dari: https://www.youtube.com/@lescopaque/live
[2025-05-18 00:08:40] [*] Memproses: OGYL
[2025-05-18 00:08:45] [!] Gagal ambil URL .m3u8 untuk: https://www.youtube.com/watch?v=4fs42tPscuo, coba fallback best format
[2025-05-18 00:08:47] [✓] URL streaming disimpan: OGYL.m3u8.txt
[2025-05-18 00:08:47] [*] Memproses: TOMJER
[2025-05-18 00:08:52] [!] Gagal ambil URL .m3u8 untuk: https://www.youtube.com/watch?v=_XeGYNTiuSM, coba fallback best format
[2025-05-18 00:08:54] [✓] URL streaming disimpan: TOMJER.m3u8.txt
[2025-05-18 00:08:54] [*] Memproses: BILION
[2025-05-18 00:08:59] [!] Gagal ambil URL .m3u8 untuk: https://www.youtube.com/watch?v=lKl2hlFK3gY, coba fallback best format
[2025-05-18 00:09:01] [✓] URL streaming disimpan: BILION.m3u8.txt
